<?xml version="1.0" encoding="UTF-8"?>
<testsuite xmlns:xsi="http://www.w3.org/2001/XMLSchema-instance" xsi:noNamespaceSchemaLocation="https://maven.apache.org/surefire/maven-surefire-plugin/xsd/surefire-test-report-3.0.xsd" version="3.0" name="TestSuite" time="3.264" tests="3" errors="0" skipped="0" failures="2">
  <properties>
    <property name="sun.desktop" value="windows"/>
    <property name="awt.toolkit" value="sun.awt.windows.WToolkit"/>
    <property name="file.encoding.pkg" value="sun.io"/>
    <property name="java.specification.version" value="1.8"/>
    <property name="sun.cpu.isalist" value="amd64"/>
    <property name="sun.jnu.encoding" value="Cp1252"/>
    <property name="java.class.path" value="C:\Users\Asus\eclipse-workspace\ZohoPoMProject\target\test-classes;C:\Users\Asus\eclipse-workspace\ZohoPoMProject\target\classes;D:\m2\repository\org\seleniumhq\selenium\selenium-java\4.0.0-alpha-5\selenium-java-4.0.0-alpha-5.jar;D:\m2\repository\org\seleniumhq\selenium\selenium-api\4.0.0-alpha-5\selenium-api-4.0.0-alpha-5.jar;D:\m2\repository\org\seleniumhq\selenium\selenium-chrome-driver\4.0.0-alpha-5\selenium-chrome-driver-4.0.0-alpha-5.jar;D:\m2\repository\com\google\auto\service\auto-service-annotations\1.0-rc6\auto-service-annotations-1.0-rc6.jar;D:\m2\repository\com\google\auto\service\auto-service\1.0-rc6\auto-service-1.0-rc6.jar;D:\m2\repository\com\google\auto\auto-common\0.10\auto-common-0.10.jar;D:\m2\repository\com\google\guava\guava\28.2-jre\guava-28.2-jre.jar;D:\m2\repository\com\google\guava\failureaccess\1.0.1\failureaccess-1.0.1.jar;D:\m2\repository\com\google\guava\listenablefuture\9999.0-empty-to-avoid-conflict-with-guava\listenablefuture-9999.0-empty-to-avoid-conflict-with-guava.jar;D:\m2\repository\com\google\code\findbugs\jsr305\3.0.2\jsr305-3.0.2.jar;D:\m2\repository\org\checkerframework\checker-qual\2.10.0\checker-qual-2.10.0.jar;D:\m2\repository\com\google\errorprone\error_prone_annotations\2.3.4\error_prone_annotations-2.3.4.jar;D:\m2\repository\com\google\j2objc\j2objc-annotations\1.3\j2objc-annotations-1.3.jar;D:\m2\repository\org\seleniumhq\selenium\selenium-chromium-driver\4.0.0-alpha-5\selenium-chromium-driver-4.0.0-alpha-5.jar;D:\m2\repository\org\seleniumhq\selenium\selenium-devtools\4.0.0-alpha-5\selenium-devtools-4.0.0-alpha-5.jar;D:\m2\repository\org\seleniumhq\selenium\selenium-http\4.0.0-alpha-5\selenium-http-4.0.0-alpha-5.jar;D:\m2\repository\org\seleniumhq\selenium\selenium-json\4.0.0-alpha-5\selenium-json-4.0.0-alpha-5.jar;D:\m2\repository\org\seleniumhq\selenium\selenium-edge-driver\4.0.0-alpha-5\selenium-edge-driver-4.0.0-alpha-5.jar;D:\m2\repository\org\seleniumhq\selenium\selenium-edgehtml-driver\4.0.0-alpha-5\selenium-edgehtml-driver-4.0.0-alpha-5.jar;D:\m2\repository\org\seleniumhq\selenium\selenium-firefox-driver\4.0.0-alpha-5\selenium-firefox-driver-4.0.0-alpha-5.jar;D:\m2\repository\org\seleniumhq\selenium\selenium-firefox-xpi-driver\4.0.0-alpha-5\selenium-firefox-xpi-driver-4.0.0-alpha-5.jar;D:\m2\repository\org\seleniumhq\selenium\selenium-ie-driver\4.0.0-alpha-5\selenium-ie-driver-4.0.0-alpha-5.jar;D:\m2\repository\org\seleniumhq\selenium\selenium-opera-driver\4.0.0-alpha-5\selenium-opera-driver-4.0.0-alpha-5.jar;D:\m2\repository\org\seleniumhq\selenium\selenium-remote-driver\4.0.0-alpha-5\selenium-remote-driver-4.0.0-alpha-5.jar;D:\m2\repository\com\squareup\okhttp3\okhttp\4.4.1\okhttp-4.4.1.jar;D:\m2\repository\org\jetbrains\kotlin\kotlin-stdlib\1.3.61\kotlin-stdlib-1.3.61.jar;D:\m2\repository\org\jetbrains\annotations\13.0\annotations-13.0.jar;D:\m2\repository\com\squareup\okio\okio\2.4.3\okio-2.4.3.jar;D:\m2\repository\org\jetbrains\kotlin\kotlin-stdlib-common\1.3.61\kotlin-stdlib-common-1.3.61.jar;D:\m2\repository\com\typesafe\netty\netty-reactive-streams\2.0.4\netty-reactive-streams-2.0.4.jar;D:\m2\repository\io\netty\netty-handler\4.1.43.Final\netty-handler-4.1.43.Final.jar;D:\m2\repository\org\reactivestreams\reactive-streams\1.0.3\reactive-streams-1.0.3.jar;D:\m2\repository\io\netty\netty-buffer\4.1.47.Final\netty-buffer-4.1.47.Final.jar;D:\m2\repository\io\netty\netty-common\4.1.47.Final\netty-common-4.1.47.Final.jar;D:\m2\repository\io\netty\netty-codec-http\4.1.47.Final\netty-codec-http-4.1.47.Final.jar;D:\m2\repository\io\netty\netty-codec\4.1.47.Final\netty-codec-4.1.47.Final.jar;D:\m2\repository\io\netty\netty-transport-native-epoll\4.1.47.Final\netty-transport-native-epoll-4.1.47.Final.jar;D:\m2\repository\io\netty\netty-transport-native-epoll\4.1.47.Final\netty-transport-native-epoll-4.1.47.Final-linux-x86_64.jar;D:\m2\repository\io\netty\netty-transport-native-kqueue\4.1.47.Final\netty-transport-native-kqueue-4.1.47.Final.jar;D:\m2\repository\io\netty\netty-transport-native-kqueue\4.1.47.Final\netty-transport-native-kqueue-4.1.47.Final-osx-x86_64.jar;D:\m2\repository\io\netty\netty-transport-native-unix-common\4.1.47.Final\netty-transport-native-unix-common-4.1.47.Final.jar;D:\m2\repository\io\netty\netty-transport\4.1.47.Final\netty-transport-4.1.47.Final.jar;D:\m2\repository\io\netty\netty-resolver\4.1.47.Final\netty-resolver-4.1.47.Final.jar;D:\m2\repository\io\opentelemetry\opentelemetry-api\0.2.0\opentelemetry-api-0.2.0.jar;D:\m2\repository\io\grpc\grpc-context\1.24.0\grpc-context-1.24.0.jar;D:\m2\repository\net\bytebuddy\byte-buddy\1.10.8\byte-buddy-1.10.8.jar;D:\m2\repository\org\apache\commons\commons-exec\1.3\commons-exec-1.3.jar;D:\m2\repository\org\asynchttpclient\async-http-client\2.11.0\async-http-client-2.11.0.jar;D:\m2\repository\org\asynchttpclient\async-http-client-netty-utils\2.11.0\async-http-client-netty-utils-2.11.0.jar;D:\m2\repository\io\netty\netty-codec-socks\4.1.46.Final\netty-codec-socks-4.1.46.Final.jar;D:\m2\repository\io\netty\netty-handler-proxy\4.1.46.Final\netty-handler-proxy-4.1.46.Final.jar;D:\m2\repository\org\slf4j\slf4j-api\1.7.30\slf4j-api-1.7.30.jar;D:\m2\repository\com\sun\activation\javax.activation\1.2.0\javax.activation-1.2.0.jar;D:\m2\repository\org\seleniumhq\selenium\selenium-safari-driver\4.0.0-alpha-5\selenium-safari-driver-4.0.0-alpha-5.jar;D:\m2\repository\org\seleniumhq\selenium\selenium-support\4.0.0-alpha-5\selenium-support-4.0.0-alpha-5.jar;D:\m2\repository\org\testng\testng\7.0.0\testng-7.0.0.jar;D:\m2\repository\com\beust\jcommander\1.72\jcommander-1.72.jar;D:\m2\repository\com\relevantcodes\extentreports\2.41.2\extentreports-2.41.2.jar;D:\m2\repository\org\jsoup\jsoup\1.8.3\jsoup-1.8.3.jar;D:\m2\repository\org\xerial\sqlite-jdbc\3.8.11.1\sqlite-jdbc-3.8.11.1.jar;D:\m2\repository\org\freemarker\freemarker\2.3.23\freemarker-2.3.23.jar;D:\m2\repository\org\mongodb\mongodb-driver\3.0.4\mongodb-driver-3.0.4.jar;D:\m2\repository\org\mongodb\bson\3.0.4\bson-3.0.4.jar;D:\m2\repository\org\mongodb\mongodb-driver-core\3.0.4\mongodb-driver-core-3.0.4.jar;D:\m2\repository\com\aventstack\extentreports\3.1.2\extentreports-3.1.2.jar;D:\m2\repository\org\apache\httpcomponents\httpclient\4.5.2\httpclient-4.5.2.jar;D:\m2\repository\org\apache\httpcomponents\httpcore\4.4.4\httpcore-4.4.4.jar;D:\m2\repository\commons-codec\commons-codec\1.9\commons-codec-1.9.jar;D:\m2\repository\org\apache\httpcomponents\httpmime\4.5.2\httpmime-4.5.2.jar;D:\m2\repository\com\google\code\gson\gson\2.8.0\gson-2.8.0.jar;D:\m2\repository\commons-io\commons-io\2.6\commons-io-2.6.jar;D:\m2\repository\org\apache\poi\poi\3.6\poi-3.6.jar;D:\m2\repository\commons-logging\commons-logging\1.1\commons-logging-1.1.jar;D:\m2\repository\logkit\logkit\1.0.1\logkit-1.0.1.jar;D:\m2\repository\avalon-framework\avalon-framework\4.1.3\avalon-framework-4.1.3.jar;D:\m2\repository\javax\servlet\servlet-api\2.3\servlet-api-2.3.jar;D:\m2\repository\log4j\log4j\1.2.13\log4j-1.2.13.jar;D:\m2\repository\org\apache\poi\poi-ooxml\3.6\poi-ooxml-3.6.jar;D:\m2\repository\dom4j\dom4j\1.6.1\dom4j-1.6.1.jar;D:\m2\repository\xml-apis\xml-apis\1.0.b2\xml-apis-1.0.b2.jar;D:\m2\repository\org\apache\poi\poi-ooxml-schemas\3.6\poi-ooxml-schemas-3.6.jar;D:\m2\repository\org\apache\xmlbeans\xmlbeans\2.3.0\xmlbeans-2.3.0.jar;D:\m2\repository\stax\stax-api\1.0.1\stax-api-1.0.1.jar;D:\m2\repository\org\apache\geronimo\specs\geronimo-stax-api_1.0_spec\1.0\geronimo-stax-api_1.0_spec-1.0.jar;"/>
    <property name="java.vm.vendor" value="Oracle Corporation"/>
    <property name="sun.arch.data.model" value="64"/>
    <property name="user.variant" value=""/>
    <property name="java.vendor.url" value="http://java.oracle.com/"/>
    <property name="user.timezone" value="Asia/Calcutta"/>
    <property name="java.vm.specification.version" value="1.8"/>
    <property name="os.name" value="Windows 8.1"/>
    <property name="user.country" value="US"/>
    <property name="sun.java.launcher" value="SUN_STANDARD"/>
    <property name="sun.boot.library.path" value="C:\Program Files\Java\jdk1.8.0_51\jre\bin"/>
    <property name="sun.java.command" value="C:\Users\Asus\AppData\Local\Temp\surefire1782010994630792950\surefirebooter6899644795213480796.jar C:\Users\Asus\AppData\Local\Temp\surefire1782010994630792950 2020-06-14T09-39-10_383-jvmRun1 surefire617358217614097517tmp surefire_06148782546470912764tmp"/>
    <property name="surefire.test.class.path" value="C:\Users\Asus\eclipse-workspace\ZohoPoMProject\target\test-classes;C:\Users\Asus\eclipse-workspace\ZohoPoMProject\target\classes;D:\m2\repository\org\seleniumhq\selenium\selenium-java\4.0.0-alpha-5\selenium-java-4.0.0-alpha-5.jar;D:\m2\repository\org\seleniumhq\selenium\selenium-api\4.0.0-alpha-5\selenium-api-4.0.0-alpha-5.jar;D:\m2\repository\org\seleniumhq\selenium\selenium-chrome-driver\4.0.0-alpha-5\selenium-chrome-driver-4.0.0-alpha-5.jar;D:\m2\repository\com\google\auto\service\auto-service-annotations\1.0-rc6\auto-service-annotations-1.0-rc6.jar;D:\m2\repository\com\google\auto\service\auto-service\1.0-rc6\auto-service-1.0-rc6.jar;D:\m2\repository\com\google\auto\auto-common\0.10\auto-common-0.10.jar;D:\m2\repository\com\google\guava\guava\28.2-jre\guava-28.2-jre.jar;D:\m2\repository\com\google\guava\failureaccess\1.0.1\failureaccess-1.0.1.jar;D:\m2\repository\com\google\guava\listenablefuture\9999.0-empty-to-avoid-conflict-with-guava\listenablefuture-9999.0-empty-to-avoid-conflict-with-guava.jar;D:\m2\repository\com\google\code\findbugs\jsr305\3.0.2\jsr305-3.0.2.jar;D:\m2\repository\org\checkerframework\checker-qual\2.10.0\checker-qual-2.10.0.jar;D:\m2\repository\com\google\errorprone\error_prone_annotations\2.3.4\error_prone_annotations-2.3.4.jar;D:\m2\repository\com\google\j2objc\j2objc-annotations\1.3\j2objc-annotations-1.3.jar;D:\m2\repository\org\seleniumhq\selenium\selenium-chromium-driver\4.0.0-alpha-5\selenium-chromium-driver-4.0.0-alpha-5.jar;D:\m2\repository\org\seleniumhq\selenium\selenium-devtools\4.0.0-alpha-5\selenium-devtools-4.0.0-alpha-5.jar;D:\m2\repository\org\seleniumhq\selenium\selenium-http\4.0.0-alpha-5\selenium-http-4.0.0-alpha-5.jar;D:\m2\repository\org\seleniumhq\selenium\selenium-json\4.0.0-alpha-5\selenium-json-4.0.0-alpha-5.jar;D:\m2\repository\org\seleniumhq\selenium\selenium-edge-driver\4.0.0-alpha-5\selenium-edge-driver-4.0.0-alpha-5.jar;D:\m2\repository\org\seleniumhq\selenium\selenium-edgehtml-driver\4.0.0-alpha-5\selenium-edgehtml-driver-4.0.0-alpha-5.jar;D:\m2\repository\org\seleniumhq\selenium\selenium-firefox-driver\4.0.0-alpha-5\selenium-firefox-driver-4.0.0-alpha-5.jar;D:\m2\repository\org\seleniumhq\selenium\selenium-firefox-xpi-driver\4.0.0-alpha-5\selenium-firefox-xpi-driver-4.0.0-alpha-5.jar;D:\m2\repository\org\seleniumhq\selenium\selenium-ie-driver\4.0.0-alpha-5\selenium-ie-driver-4.0.0-alpha-5.jar;D:\m2\repository\org\seleniumhq\selenium\selenium-opera-driver\4.0.0-alpha-5\selenium-opera-driver-4.0.0-alpha-5.jar;D:\m2\repository\org\seleniumhq\selenium\selenium-remote-driver\4.0.0-alpha-5\selenium-remote-driver-4.0.0-alpha-5.jar;D:\m2\repository\com\squareup\okhttp3\okhttp\4.4.1\okhttp-4.4.1.jar;D:\m2\repository\org\jetbrains\kotlin\kotlin-stdlib\1.3.61\kotlin-stdlib-1.3.61.jar;D:\m2\repository\org\jetbrains\annotations\13.0\annotations-13.0.jar;D:\m2\repository\com\squareup\okio\okio\2.4.3\okio-2.4.3.jar;D:\m2\repository\org\jetbrains\kotlin\kotlin-stdlib-common\1.3.61\kotlin-stdlib-common-1.3.61.jar;D:\m2\repository\com\typesafe\netty\netty-reactive-streams\2.0.4\netty-reactive-streams-2.0.4.jar;D:\m2\repository\io\netty\netty-handler\4.1.43.Final\netty-handler-4.1.43.Final.jar;D:\m2\repository\org\reactivestreams\reactive-streams\1.0.3\reactive-streams-1.0.3.jar;D:\m2\repository\io\netty\netty-buffer\4.1.47.Final\netty-buffer-4.1.47.Final.jar;D:\m2\repository\io\netty\netty-common\4.1.47.Final\netty-common-4.1.47.Final.jar;D:\m2\repository\io\netty\netty-codec-http\4.1.47.Final\netty-codec-http-4.1.47.Final.jar;D:\m2\repository\io\netty\netty-codec\4.1.47.Final\netty-codec-4.1.47.Final.jar;D:\m2\repository\io\netty\netty-transport-native-epoll\4.1.47.Final\netty-transport-native-epoll-4.1.47.Final.jar;D:\m2\repository\io\netty\netty-transport-native-epoll\4.1.47.Final\netty-transport-native-epoll-4.1.47.Final-linux-x86_64.jar;D:\m2\repository\io\netty\netty-transport-native-kqueue\4.1.47.Final\netty-transport-native-kqueue-4.1.47.Final.jar;D:\m2\repository\io\netty\netty-transport-native-kqueue\4.1.47.Final\netty-transport-native-kqueue-4.1.47.Final-osx-x86_64.jar;D:\m2\repository\io\netty\netty-transport-native-unix-common\4.1.47.Final\netty-transport-native-unix-common-4.1.47.Final.jar;D:\m2\repository\io\netty\netty-transport\4.1.47.Final\netty-transport-4.1.47.Final.jar;D:\m2\repository\io\netty\netty-resolver\4.1.47.Final\netty-resolver-4.1.47.Final.jar;D:\m2\repository\io\opentelemetry\opentelemetry-api\0.2.0\opentelemetry-api-0.2.0.jar;D:\m2\repository\io\grpc\grpc-context\1.24.0\grpc-context-1.24.0.jar;D:\m2\repository\net\bytebuddy\byte-buddy\1.10.8\byte-buddy-1.10.8.jar;D:\m2\repository\org\apache\commons\commons-exec\1.3\commons-exec-1.3.jar;D:\m2\repository\org\asynchttpclient\async-http-client\2.11.0\async-http-client-2.11.0.jar;D:\m2\repository\org\asynchttpclient\async-http-client-netty-utils\2.11.0\async-http-client-netty-utils-2.11.0.jar;D:\m2\repository\io\netty\netty-codec-socks\4.1.46.Final\netty-codec-socks-4.1.46.Final.jar;D:\m2\repository\io\netty\netty-handler-proxy\4.1.46.Final\netty-handler-proxy-4.1.46.Final.jar;D:\m2\repository\org\slf4j\slf4j-api\1.7.30\slf4j-api-1.7.30.jar;D:\m2\repository\com\sun\activation\javax.activation\1.2.0\javax.activation-1.2.0.jar;D:\m2\repository\org\seleniumhq\selenium\selenium-safari-driver\4.0.0-alpha-5\selenium-safari-driver-4.0.0-alpha-5.jar;D:\m2\repository\org\seleniumhq\selenium\selenium-support\4.0.0-alpha-5\selenium-support-4.0.0-alpha-5.jar;D:\m2\repository\org\testng\testng\7.0.0\testng-7.0.0.jar;D:\m2\repository\com\beust\jcommander\1.72\jcommander-1.72.jar;D:\m2\repository\com\relevantcodes\extentreports\2.41.2\extentreports-2.41.2.jar;D:\m2\repository\org\jsoup\jsoup\1.8.3\jsoup-1.8.3.jar;D:\m2\repository\org\xerial\sqlite-jdbc\3.8.11.1\sqlite-jdbc-3.8.11.1.jar;D:\m2\repository\org\freemarker\freemarker\2.3.23\freemarker-2.3.23.jar;D:\m2\repository\org\mongodb\mongodb-driver\3.0.4\mongodb-driver-3.0.4.jar;D:\m2\repository\org\mongodb\bson\3.0.4\bson-3.0.4.jar;D:\m2\repository\org\mongodb\mongodb-driver-core\3.0.4\mongodb-driver-core-3.0.4.jar;D:\m2\repository\com\aventstack\extentreports\3.1.2\extentreports-3.1.2.jar;D:\m2\repository\org\apache\httpcomponents\httpclient\4.5.2\httpclient-4.5.2.jar;D:\m2\repository\org\apache\httpcomponents\httpcore\4.4.4\httpcore-4.4.4.jar;D:\m2\repository\commons-codec\commons-codec\1.9\commons-codec-1.9.jar;D:\m2\repository\org\apache\httpcomponents\httpmime\4.5.2\httpmime-4.5.2.jar;D:\m2\repository\com\google\code\gson\gson\2.8.0\gson-2.8.0.jar;D:\m2\repository\commons-io\commons-io\2.6\commons-io-2.6.jar;D:\m2\repository\org\apache\poi\poi\3.6\poi-3.6.jar;D:\m2\repository\commons-logging\commons-logging\1.1\commons-logging-1.1.jar;D:\m2\repository\logkit\logkit\1.0.1\logkit-1.0.1.jar;D:\m2\repository\avalon-framework\avalon-framework\4.1.3\avalon-framework-4.1.3.jar;D:\m2\repository\javax\servlet\servlet-api\2.3\servlet-api-2.3.jar;D:\m2\repository\log4j\log4j\1.2.13\log4j-1.2.13.jar;D:\m2\repository\org\apache\poi\poi-ooxml\3.6\poi-ooxml-3.6.jar;D:\m2\repository\dom4j\dom4j\1.6.1\dom4j-1.6.1.jar;D:\m2\repository\xml-apis\xml-apis\1.0.b2\xml-apis-1.0.b2.jar;D:\m2\repository\org\apache\poi\poi-ooxml-schemas\3.6\poi-ooxml-schemas-3.6.jar;D:\m2\repository\org\apache\xmlbeans\xmlbeans\2.3.0\xmlbeans-2.3.0.jar;D:\m2\repository\stax\stax-api\1.0.1\stax-api-1.0.1.jar;D:\m2\repository\org\apache\geronimo\specs\geronimo-stax-api_1.0_spec\1.0\geronimo-stax-api_1.0_spec-1.0.jar;"/>
    <property name="sun.cpu.endian" value="little"/>
    <property name="user.home" value="C:\Users\Asus"/>
    <property name="user.language" value="en"/>
    <property name="java.specification.vendor" value="Oracle Corporation"/>
    <property name="java.home" value="C:\Program Files\Java\jdk1.8.0_51\jre"/>
    <property name="basedir" value="C:\Users\Asus\eclipse-workspace\ZohoPoMProject"/>
    <property name="file.separator" value="\"/>
    <property name="line.separator" value="&#10;"/>
    <property name="java.vm.specification.vendor" value="Oracle Corporation"/>
    <property name="java.specification.name" value="Java Platform API Specification"/>
    <property name="java.awt.graphicsenv" value="sun.awt.Win32GraphicsEnvironment"/>
    <property name="surefire.real.class.path" value="C:\Users\Asus\AppData\Local\Temp\surefire1782010994630792950\surefirebooter6899644795213480796.jar"/>
    <property name="sun.boot.class.path" value="C:\Program Files\Java\jdk1.8.0_51\jre\lib\resources.jar;C:\Program Files\Java\jdk1.8.0_51\jre\lib\rt.jar;C:\Program Files\Java\jdk1.8.0_51\jre\lib\sunrsasign.jar;C:\Program Files\Java\jdk1.8.0_51\jre\lib\jsse.jar;C:\Program Files\Java\jdk1.8.0_51\jre\lib\jce.jar;C:\Program Files\Java\jdk1.8.0_51\jre\lib\charsets.jar;C:\Program Files\Java\jdk1.8.0_51\jre\lib\jfr.jar;C:\Program Files\Java\jdk1.8.0_51\jre\classes"/>
    <property name="user.script" value=""/>
    <property name="sun.management.compiler" value="HotSpot 64-Bit Tiered Compilers"/>
    <property name="java.runtime.version" value="1.8.0_51-b16"/>
    <property name="user.name" value="Asus"/>
    <property name="path.separator" value=";"/>
    <property name="webdriver.firefox.logfile" value="NULL"/>
    <property name="os.version" value="6.3"/>
    <property name="java.endorsed.dirs" value="C:\Program Files\Java\jdk1.8.0_51\jre\lib\endorsed"/>
    <property name="java.runtime.name" value="Java(TM) SE Runtime Environment"/>
    <property name="file.encoding" value="Cp1252"/>
    <property name="sun.nio.ch.bugLevel" value=""/>
    <property name="java.vm.name" value="Java HotSpot(TM) 64-Bit Server VM"/>
    <property name="localRepository" value="D:\m2\repository"/>
    <property name="java.vendor.url.bug" value="http://bugreport.sun.com/bugreport/"/>
    <property name="java.io.tmpdir" value="C:\Users\Asus\AppData\Local\Temp\"/>
    <property name="java.version" value="1.8.0_51"/>
    <property name="user.dir" value="C:\Users\Asus\eclipse-workspace\ZohoPoMProject"/>
    <property name="os.arch" value="amd64"/>
    <property name="java.vm.specification.name" value="Java Virtual Machine Specification"/>
    <property name="java.awt.printerjob" value="sun.awt.windows.WPrinterJob"/>
    <property name="sun.os.patch.level" value=""/>
    <property name="java.library.path" value="C:\Program Files\Java\jdk1.8.0_51\jre\bin;C:\Windows\Sun\Java\bin;C:\Windows\system32;C:\Windows;C:\ProgramData\Oracle\Java\javapath;C:\Program Files (x86)\Intel\Intel(R) Management Engine Components\iCLS\;C:\Program Files\Intel\Intel(R) Management Engine Components\iCLS\;C:\Windows\system32;C:\Windows;C:\Windows\System32\Wbem;C:\Windows\System32\WindowsPowerShell\v1.0\;C:\Windows\System32\OpenSSH\;C:\Program Files (x86)\NVIDIA Corporation\PhysX\Common;C:\Program Files (x86)\Intel\Intel(R) Management Engine Components\DAL;C:\Program Files\Intel\Intel(R) Management Engine Components\DAL;C:\Program Files (x86)\Intel\Intel(R) Management Engine Components\IPT;C:\Program Files\Intel\Intel(R) Management Engine Components\IPT;C:\Program Files\Intel\WiFi\bin\;C:\Program Files\Common Files\Intel\WirelessCommon\;E:\New folder\shivani\driver\;C:\Program Files\Java\jdk1.8.0_51\bin\;C:\Program Files\Git\cmd;E:\Selenium Softwares\apache-ant-1.10.6\bin;C:\Users\Asus\anaconda3;C:\Program Files\Microsoft SQL Server\Client SDK\ODBC\170\Tools\Binn\;C:\Program Files (x86)\Microsoft SQL Server\150\Tools\Binn\;C:\Program Files\Microsoft SQL Server\150\Tools\Binn\;C:\Program Files\Microsoft SQL Server\150\DTS\Binn\;C:\Program Files (x86)\Microsoft SQL Server\150\DTS\Binn\;C:\Program Files\Apache Maven Foundation\apache-maven-3.6.3\bin;C:\Users\Asus\AppData\Local\Microsoft\WindowsApps;;."/>
    <property name="java.vm.info" value="mixed mode"/>
    <property name="java.vendor" value="Oracle Corporation"/>
    <property name="java.vm.version" value="25.51-b03"/>
    <property name="java.ext.dirs" value="C:\Program Files\Java\jdk1.8.0_51\jre\lib\ext;C:\Windows\Sun\Java\lib\ext"/>
    <property name="sun.io.unicode.encoding" value="UnicodeLittle"/>
    <property name="java.class.version" value="52.0"/>
  </properties>
  <testcase name="createLeadTest" classname="com.zoho.suite.testcases.creation.CreateTask" time="0.055"/>
  <testcase name="CreateTaskTest" classname="com.zoho.suite.testcases.creation.CreateLeadTest" time="1.461">
    <failure message="Unable to find provider for session: Capabilities {}&#10;Build info: version: &apos;4.0.0-alpha-6&apos;, revision: &apos;5f43a29cfc&apos;&#10;System info: host: &apos;LAPTOP-7VMSTSG7&apos;, ip: &apos;192.168.43.226&apos;, os.name: &apos;Windows 8.1&apos;, os.arch: &apos;amd64&apos;, os.version: &apos;6.3&apos;, java.version: &apos;1.8.0_51&apos;&#10;Driver info: driver.version: unknown&#10;Build info: version: &apos;4.0.0-alpha-5&apos;, revision: &apos;b3a0d621cc&apos;&#10;System info: host: &apos;LAPTOP-7VMSTSG7&apos;, ip: &apos;192.168.43.226&apos;, os.name: &apos;Windows 8.1&apos;, os.arch: &apos;amd64&apos;, os.version: &apos;6.3&apos;, java.version: &apos;1.8.0_51&apos;&#10;Driver info: driver.version: ZohoDriver&#10;remote stacktrace: org.openqa.selenium.SessionNotCreatedException: Unable to find provider for session: Capabilities {}&#10;Build info: version: &apos;4.0.0-alpha-6&apos;, revision: &apos;5f43a29cfc&apos;&#10;System info: host: &apos;LAPTOP-7VMSTSG7&apos;, ip: &apos;192.168.43.226&apos;, os.name: &apos;Windows 8.1&apos;, os.arch: &apos;amd64&apos;, os.version: &apos;6.3&apos;, java.version: &apos;1.8.0_51&apos;&#10;Driver info: driver.version: unknown&#10;	at org.openqa.selenium.grid.distributor.local.LocalDistributor.lambda$newSession$4(LocalDistributor.java:167)&#10;	at org.openqa.selenium.grid.distributor.local.LocalDistributor$$Lambda$638/1581273261.get(Unknown Source)&#10;	at java.util.Optional.orElseThrow(Unknown Source)&#10;	at org.openqa.selenium.grid.distributor.local.LocalDistributor.newSession(LocalDistributor.java:161)&#10;	at org.openqa.selenium.grid.distributor.Distributor.lambda$new$0(Distributor.java:88)&#10;	at org.openqa.selenium.grid.distributor.Distributor$$Lambda$484/1184870822.execute(Unknown Source)&#10;	at org.openqa.selenium.remote.http.Route$TemplatizedRoute.handle(Route.java:183)&#10;	at org.openqa.selenium.remote.http.Route.execute(Route.java:67)&#10;	at org.openqa.selenium.remote.http.Route$CombinedRoute.handle(Route.java:327)&#10;	at org.openqa.selenium.remote.http.Route.execute(Route.java:67)&#10;	at org.openqa.selenium.grid.distributor.Distributor.execute(Distributor.java:123)&#10;	at org.openqa.selenium.remote.tracing.SpanWrappedHttpHandler.execute(SpanWrappedHttpHandler.java:75)&#10;	at org.openqa.selenium.remote.http.Filter$1.execute(Filter.java:64)&#10;	at org.openqa.selenium.remote.http.Route$CombinedRoute.handle(Route.java:327)&#10;	at org.openqa.selenium.remote.http.Route.execute(Route.java:67)&#10;	at org.openqa.selenium.grid.router.Router.execute(Router.java:67)&#10;	at org.openqa.selenium.remote.http.Route$CombinedRoute.handle(Route.java:327)&#10;	at org.openqa.selenium.remote.http.Route.execute(Route.java:67)&#10;	at org.openqa.selenium.grid.server.AddWebDriverSpecHeaders.lambda$apply$0(AddWebDriverSpecHeaders.java:30)&#10;	at org.openqa.selenium.grid.server.AddWebDriverSpecHeaders$$Lambda$456/980476445.execute(Unknown Source)&#10;	at org.openqa.selenium.grid.server.WrapExceptions.lambda$apply$0(WrapExceptions.java:36)&#10;	at org.openqa.selenium.grid.server.WrapExceptions$$Lambda$458/2068703270.execute(Unknown Source)&#10;	at org.openqa.selenium.remote.http.Filter$1.execute(Filter.java:64)&#10;	at org.openqa.selenium.netty.server.SeleniumHandler.lambda$channelRead0$0(SeleniumHandler.java:46)&#10;	at org.openqa.selenium.netty.server.SeleniumHandler$$Lambda$454/1786544690.run(Unknown Source)&#10;	at java.util.concurrent.Executors$RunnableAdapter.call(Unknown Source)&#10;	at java.util.concurrent.FutureTask.run(Unknown Source)&#10;	at java.util.concurrent.ThreadPoolExecutor.runWorker(Unknown Source)&#10;	at java.util.concurrent.ThreadPoolExecutor$Worker.run(Unknown Source)&#10;	at java.lang.Thread.run(Unknown Source)&#10;" type="org.openqa.selenium.SessionNotCreatedException"><![CDATA[org.openqa.selenium.SessionNotCreatedException: 
Unable to find provider for session: Capabilities {}
Build info: version: '4.0.0-alpha-6', revision: '5f43a29cfc'
System info: host: 'LAPTOP-7VMSTSG7', ip: '192.168.43.226', os.name: 'Windows 8.1', os.arch: 'amd64', os.version: '6.3', java.version: '1.8.0_51'
Driver info: driver.version: unknown
Build info: version: '4.0.0-alpha-5', revision: 'b3a0d621cc'
System info: host: 'LAPTOP-7VMSTSG7', ip: '192.168.43.226', os.name: 'Windows 8.1', os.arch: 'amd64', os.version: '6.3', java.version: '1.8.0_51'
Driver info: driver.version: ZohoDriver
remote stacktrace: org.openqa.selenium.SessionNotCreatedException: Unable to find provider for session: Capabilities {}
Build info: version: '4.0.0-alpha-6', revision: '5f43a29cfc'
System info: host: 'LAPTOP-7VMSTSG7', ip: '192.168.43.226', os.name: 'Windows 8.1', os.arch: 'amd64', os.version: '6.3', java.version: '1.8.0_51'
Driver info: driver.version: unknown
	at org.openqa.selenium.grid.distributor.local.LocalDistributor.lambda$newSession$4(LocalDistributor.java:167)
	at org.openqa.selenium.grid.distributor.local.LocalDistributor$$Lambda$638/1581273261.get(Unknown Source)
	at java.util.Optional.orElseThrow(Unknown Source)
	at org.openqa.selenium.grid.distributor.local.LocalDistributor.newSession(LocalDistributor.java:161)
	at org.openqa.selenium.grid.distributor.Distributor.lambda$new$0(Distributor.java:88)
	at org.openqa.selenium.grid.distributor.Distributor$$Lambda$484/1184870822.execute(Unknown Source)
	at org.openqa.selenium.remote.http.Route$TemplatizedRoute.handle(Route.java:183)
	at org.openqa.selenium.remote.http.Route.execute(Route.java:67)
	at org.openqa.selenium.remote.http.Route$CombinedRoute.handle(Route.java:327)
	at org.openqa.selenium.remote.http.Route.execute(Route.java:67)
	at org.openqa.selenium.grid.distributor.Distributor.execute(Distributor.java:123)
	at org.openqa.selenium.remote.tracing.SpanWrappedHttpHandler.execute(SpanWrappedHttpHandler.java:75)
	at org.openqa.selenium.remote.http.Filter$1.execute(Filter.java:64)
	at org.openqa.selenium.remote.http.Route$CombinedRoute.handle(Route.java:327)
	at org.openqa.selenium.remote.http.Route.execute(Route.java:67)
	at org.openqa.selenium.grid.router.Router.execute(Router.java:67)
	at org.openqa.selenium.remote.http.Route$CombinedRoute.handle(Route.java:327)
	at org.openqa.selenium.remote.http.Route.execute(Route.java:67)
	at org.openqa.selenium.grid.server.AddWebDriverSpecHeaders.lambda$apply$0(AddWebDriverSpecHeaders.java:30)
	at org.openqa.selenium.grid.server.AddWebDriverSpecHeaders$$Lambda$456/980476445.execute(Unknown Source)
	at org.openqa.selenium.grid.server.WrapExceptions.lambda$apply$0(WrapExceptions.java:36)
	at org.openqa.selenium.grid.server.WrapExceptions$$Lambda$458/2068703270.execute(Unknown Source)
	at org.openqa.selenium.remote.http.Filter$1.execute(Filter.java:64)
	at org.openqa.selenium.netty.server.SeleniumHandler.lambda$channelRead0$0(SeleniumHandler.java:46)
	at org.openqa.selenium.netty.server.SeleniumHandler$$Lambda$454/1786544690.run(Unknown Source)
	at java.util.concurrent.Executors$RunnableAdapter.call(Unknown Source)
	at java.util.concurrent.FutureTask.run(Unknown Source)
	at java.util.concurrent.ThreadPoolExecutor.runWorker(Unknown Source)
	at java.util.concurrent.ThreadPoolExecutor$Worker.run(Unknown Source)
	at java.lang.Thread.run(Unknown Source)

	at com.zoho.suite.testcases.creation.CreateLeadTest.CreateTaskTest(CreateLeadTest.java:51)
]]></failure>
    <system-err><![CDATA[log4j:WARN No appenders could be found for logger (freemarker.cache).
log4j:WARN Please initialize the log4j system properly.
SLF4J: Failed to load class "org.slf4j.impl.StaticLoggerBinder".
SLF4J: Defaulting to no-operation (NOP) logger implementation
SLF4J: See http://www.slf4j.org/codes.html#StaticLoggerBinder for further details.
]]></system-err>
  </testcase>
  <testcase name="loginTest" classname="com.zoho.suite.testcases.login.LoginTest" time="1.462">
    <failure message="Unable to find provider for session: Capabilities {}&#10;Build info: version: &apos;4.0.0-alpha-6&apos;, revision: &apos;5f43a29cfc&apos;&#10;System info: host: &apos;LAPTOP-7VMSTSG7&apos;, ip: &apos;192.168.43.226&apos;, os.name: &apos;Windows 8.1&apos;, os.arch: &apos;amd64&apos;, os.version: &apos;6.3&apos;, java.version: &apos;1.8.0_51&apos;&#10;Driver info: driver.version: unknown&#10;Build info: version: &apos;4.0.0-alpha-5&apos;, revision: &apos;b3a0d621cc&apos;&#10;System info: host: &apos;LAPTOP-7VMSTSG7&apos;, ip: &apos;192.168.43.226&apos;, os.name: &apos;Windows 8.1&apos;, os.arch: &apos;amd64&apos;, os.version: &apos;6.3&apos;, java.version: &apos;1.8.0_51&apos;&#10;Driver info: driver.version: ZohoDriver&#10;remote stacktrace: org.openqa.selenium.SessionNotCreatedException: Unable to find provider for session: Capabilities {}&#10;Build info: version: &apos;4.0.0-alpha-6&apos;, revision: &apos;5f43a29cfc&apos;&#10;System info: host: &apos;LAPTOP-7VMSTSG7&apos;, ip: &apos;192.168.43.226&apos;, os.name: &apos;Windows 8.1&apos;, os.arch: &apos;amd64&apos;, os.version: &apos;6.3&apos;, java.version: &apos;1.8.0_51&apos;&#10;Driver info: driver.version: unknown&#10;	at org.openqa.selenium.grid.distributor.local.LocalDistributor.lambda$newSession$4(LocalDistributor.java:167)&#10;	at org.openqa.selenium.grid.distributor.local.LocalDistributor$$Lambda$638/1581273261.get(Unknown Source)&#10;	at java.util.Optional.orElseThrow(Unknown Source)&#10;	at org.openqa.selenium.grid.distributor.local.LocalDistributor.newSession(LocalDistributor.java:161)&#10;	at org.openqa.selenium.grid.distributor.Distributor.lambda$new$0(Distributor.java:88)&#10;	at org.openqa.selenium.grid.distributor.Distributor$$Lambda$484/1184870822.execute(Unknown Source)&#10;	at org.openqa.selenium.remote.http.Route$TemplatizedRoute.handle(Route.java:183)&#10;	at org.openqa.selenium.remote.http.Route.execute(Route.java:67)&#10;	at org.openqa.selenium.remote.http.Route$CombinedRoute.handle(Route.java:327)&#10;	at org.openqa.selenium.remote.http.Route.execute(Route.java:67)&#10;	at org.openqa.selenium.grid.distributor.Distributor.execute(Distributor.java:123)&#10;	at org.openqa.selenium.remote.tracing.SpanWrappedHttpHandler.execute(SpanWrappedHttpHandler.java:75)&#10;	at org.openqa.selenium.remote.http.Filter$1.execute(Filter.java:64)&#10;	at org.openqa.selenium.remote.http.Route$CombinedRoute.handle(Route.java:327)&#10;	at org.openqa.selenium.remote.http.Route.execute(Route.java:67)&#10;	at org.openqa.selenium.grid.router.Router.execute(Router.java:67)&#10;	at org.openqa.selenium.remote.http.Route$CombinedRoute.handle(Route.java:327)&#10;	at org.openqa.selenium.remote.http.Route.execute(Route.java:67)&#10;	at org.openqa.selenium.grid.server.AddWebDriverSpecHeaders.lambda$apply$0(AddWebDriverSpecHeaders.java:30)&#10;	at org.openqa.selenium.grid.server.AddWebDriverSpecHeaders$$Lambda$456/980476445.execute(Unknown Source)&#10;	at org.openqa.selenium.grid.server.WrapExceptions.lambda$apply$0(WrapExceptions.java:36)&#10;	at org.openqa.selenium.grid.server.WrapExceptions$$Lambda$458/2068703270.execute(Unknown Source)&#10;	at org.openqa.selenium.remote.http.Filter$1.execute(Filter.java:64)&#10;	at org.openqa.selenium.netty.server.SeleniumHandler.lambda$channelRead0$0(SeleniumHandler.java:46)&#10;	at org.openqa.selenium.netty.server.SeleniumHandler$$Lambda$454/1786544690.run(Unknown Source)&#10;	at java.util.concurrent.Executors$RunnableAdapter.call(Unknown Source)&#10;	at java.util.concurrent.FutureTask.run(Unknown Source)&#10;	at java.util.concurrent.ThreadPoolExecutor.runWorker(Unknown Source)&#10;	at java.util.concurrent.ThreadPoolExecutor$Worker.run(Unknown Source)&#10;	at java.lang.Thread.run(Unknown Source)&#10;" type="org.openqa.selenium.SessionNotCreatedException"><![CDATA[org.openqa.selenium.SessionNotCreatedException: 
Unable to find provider for session: Capabilities {}
Build info: version: '4.0.0-alpha-6', revision: '5f43a29cfc'
System info: host: 'LAPTOP-7VMSTSG7', ip: '192.168.43.226', os.name: 'Windows 8.1', os.arch: 'amd64', os.version: '6.3', java.version: '1.8.0_51'
Driver info: driver.version: unknown
Build info: version: '4.0.0-alpha-5', revision: 'b3a0d621cc'
System info: host: 'LAPTOP-7VMSTSG7', ip: '192.168.43.226', os.name: 'Windows 8.1', os.arch: 'amd64', os.version: '6.3', java.version: '1.8.0_51'
Driver info: driver.version: ZohoDriver
remote stacktrace: org.openqa.selenium.SessionNotCreatedException: Unable to find provider for session: Capabilities {}
Build info: version: '4.0.0-alpha-6', revision: '5f43a29cfc'
System info: host: 'LAPTOP-7VMSTSG7', ip: '192.168.43.226', os.name: 'Windows 8.1', os.arch: 'amd64', os.version: '6.3', java.version: '1.8.0_51'
Driver info: driver.version: unknown
	at org.openqa.selenium.grid.distributor.local.LocalDistributor.lambda$newSession$4(LocalDistributor.java:167)
	at org.openqa.selenium.grid.distributor.local.LocalDistributor$$Lambda$638/1581273261.get(Unknown Source)
	at java.util.Optional.orElseThrow(Unknown Source)
	at org.openqa.selenium.grid.distributor.local.LocalDistributor.newSession(LocalDistributor.java:161)
	at org.openqa.selenium.grid.distributor.Distributor.lambda$new$0(Distributor.java:88)
	at org.openqa.selenium.grid.distributor.Distributor$$Lambda$484/1184870822.execute(Unknown Source)
	at org.openqa.selenium.remote.http.Route$TemplatizedRoute.handle(Route.java:183)
	at org.openqa.selenium.remote.http.Route.execute(Route.java:67)
	at org.openqa.selenium.remote.http.Route$CombinedRoute.handle(Route.java:327)
	at org.openqa.selenium.remote.http.Route.execute(Route.java:67)
	at org.openqa.selenium.grid.distributor.Distributor.execute(Distributor.java:123)
	at org.openqa.selenium.remote.tracing.SpanWrappedHttpHandler.execute(SpanWrappedHttpHandler.java:75)
	at org.openqa.selenium.remote.http.Filter$1.execute(Filter.java:64)
	at org.openqa.selenium.remote.http.Route$CombinedRoute.handle(Route.java:327)
	at org.openqa.selenium.remote.http.Route.execute(Route.java:67)
	at org.openqa.selenium.grid.router.Router.execute(Router.java:67)
	at org.openqa.selenium.remote.http.Route$CombinedRoute.handle(Route.java:327)
	at org.openqa.selenium.remote.http.Route.execute(Route.java:67)
	at org.openqa.selenium.grid.server.AddWebDriverSpecHeaders.lambda$apply$0(AddWebDriverSpecHeaders.java:30)
	at org.openqa.selenium.grid.server.AddWebDriverSpecHeaders$$Lambda$456/980476445.execute(Unknown Source)
	at org.openqa.selenium.grid.server.WrapExceptions.lambda$apply$0(WrapExceptions.java:36)
	at org.openqa.selenium.grid.server.WrapExceptions$$Lambda$458/2068703270.execute(Unknown Source)
	at org.openqa.selenium.remote.http.Filter$1.execute(Filter.java:64)
	at org.openqa.selenium.netty.server.SeleniumHandler.lambda$channelRead0$0(SeleniumHandler.java:46)
	at org.openqa.selenium.netty.server.SeleniumHandler$$Lambda$454/1786544690.run(Unknown Source)
	at java.util.concurrent.Executors$RunnableAdapter.call(Unknown Source)
	at java.util.concurrent.FutureTask.run(Unknown Source)
	at java.util.concurrent.ThreadPoolExecutor.runWorker(Unknown Source)
	at java.util.concurrent.ThreadPoolExecutor$Worker.run(Unknown Source)
	at java.lang.Thread.run(Unknown Source)

	at com.zoho.suite.testcases.login.LoginTest.loginTest(LoginTest.java:65)
]]></failure>
  </testcase>
</testsuite>