<?xml version="1.0" encoding="UTF-8"?>
<!-- Generated by org.testng.reporters.JUnitReportReporter -->
<testsuite skipped="0" hostname="LAPTOP-7VMSTSG7" name="CreateLeadTest" tests="1" failures="0" timestamp="2020-06-12T07:18:04 IST" time="35.613" errors="0">
  <testcase name="createLeadTest" time="35.613" classname="CreateLeadTest"/>
  <system-out/>
</testsuite> <!-- CreateLeadTest -->
