<?xml version="1.0" encoding="UTF-8"?>
<!-- Generated by org.testng.reporters.JUnitReportReporter -->
<testsuite skipped="0" hostname="LAPTOP-7VMSTSG7" name="com.zoho.util.DataUtil" tests="1" failures="0" timestamp="2020-06-08T21:31:55 IST" time="0.019" errors="0">
  <testcase name="createLeadTest" time="0.019" classname="com.zoho.util.DataUtil"/>
  <system-out/>
</testsuite> <!-- com.zoho.util.DataUtil -->
