<?xml version="1.0" encoding="UTF-8"?>
<!-- Generated by org.testng.reporters.JUnitReportReporter -->
<testsuite skipped="0" hostname="LAPTOP-7VMSTSG7" name="com.zoho.suite.testcases.login.LoginTest" tests="1" failures="0" timestamp="2020-06-14T08:01:15 IST" time="33.813" errors="0">
  <testcase name="loginTest" time="33.813" classname="com.zoho.suite.testcases.login.LoginTest"/>
  <system-out/>
</testsuite> <!-- com.zoho.suite.testcases.login.LoginTest -->
