<?xml version="1.0" encoding="UTF-8"?>
<!-- Generated by org.testng.reporters.JUnitReportReporter -->
<testsuite skipped="0" hostname="LAPTOP-7VMSTSG7" name="com.zoho.suite.testcases.creation.CreateTask" tests="1" failures="0" timestamp="2020-06-14T09:39:14 IST" time="0.749" errors="0">
  <testcase name="createLeadTest" time="0.749" classname="com.zoho.suite.testcases.creation.CreateTask"/>
</testsuite> <!-- com.zoho.suite.testcases.creation.CreateTask -->
